Logfile initialized
[INFO] logfile = /Users/jakob/Dropbox/Coding/titanium/mini/tableview_twitter/build.log
[DEBUG] /Users/jakob/Library/Application Support/Titanium/mobilesdk/osx/2.1.0.GA/android/builder.py simulator tableview_twitter /Users/jakob/Android SDKs/Titanium /Users/jakob/Dropbox/Coding/titanium/mini/tableview_twitter com.tableview_twitter 2 WVGA854 
[INFO] Building tableview_twitter for Android ... one moment
[INFO] Titanium SDK version: 2.1.0 (06/28/12 12:16 6e3cab6)
[DEBUG] Waiting for device to be ready ...
[TRACE] adb devices returned 0 devices/emulators
[TRACE] adb devices returned 0 devices/emulators
[TRACE] adb devices returned 0 devices/emulators
[TRACE] adb devices returned 1 devices/emulators
[TRACE] adb devices returned 1 devices/emulators
[TRACE] adb devices returned 1 devices/emulators
[TRACE] adb devices returned 1 devices/emulators
[TRACE] adb devices returned 1 devices/emulators
[TRACE] adb devices returned 1 devices/emulators
[TRACE] adb devices returned 1 devices/emulators
[TRACE] adb devices returned 1 devices/emulators
[TRACE] adb devices returned 1 devices/emulators
[TRACE] adb devices returned 1 devices/emulators
[DEBUG] Device connected... (waited 60 seconds)
[DEBUG] waited 61.460921 seconds on emulator to get ready
[INFO] Waiting for the Android Emulator to become available
[DEBUG] com.tableview_twitter installed? False
[INFO] Fastdev server running, deploying in Fastdev mode
[INFO] Copying CommonJS modules...
[INFO] Copying project resources..
[INFO] Detected change in tiapp.xml, or assets deleted. Forcing full re-build...
[TRACE] COPYING CREATED FILE: /Users/jakob/Dropbox/Coding/titanium/mini/tableview_twitter/Resources/android/appicon.png => /Users/jakob/Dropbox/Coding/titanium/mini/tableview_twitter/build/android/bin/assets/Resources/appicon.png
[TRACE] COPYING CREATED FILE: /Users/jakob/Dropbox/Coding/titanium/mini/tableview_twitter/Resources/android/default.png => /Users/jakob/Dropbox/Coding/titanium/mini/tableview_twitter/build/android/bin/assets/Resources/default.png
[TRACE] COPYING CREATED FILE: /Users/jakob/Dropbox/Coding/titanium/mini/tableview_twitter/Resources/app.js => /Users/jakob/Dropbox/Coding/titanium/mini/tableview_twitter/build/android/bin/assets/Resources/app.js
[TRACE] COPYING CREATED FILE: /Users/jakob/Dropbox/Coding/titanium/mini/tableview_twitter/Resources/KS_nav_ui.png => /Users/jakob/Dropbox/Coding/titanium/mini/tableview_twitter/build/android/bin/assets/Resources/KS_nav_ui.png
[TRACE] COPYING CREATED FILE: /Users/jakob/Dropbox/Coding/titanium/mini/tableview_twitter/Resources/KS_nav_views.png => /Users/jakob/Dropbox/Coding/titanium/mini/tableview_twitter/build/android/bin/assets/Resources/KS_nav_views.png
[TRACE] COPYING CREATED FILE: /Users/jakob/Dropbox/Coding/titanium/mini/tableview_twitter/Resources/tweet_details.coffee => /Users/jakob/Dropbox/Coding/titanium/mini/tableview_twitter/build/android/bin/assets/Resources/tweet_details.coffee
[TRACE] COPYING CREATED FILE: /Users/jakob/Dropbox/Coding/titanium/mini/tableview_twitter/Resources/tweet_details.js => /Users/jakob/Dropbox/Coding/titanium/mini/tableview_twitter/build/android/bin/assets/Resources/tweet_details.js
[TRACE] COPYING CREATED FILE: /Users/jakob/Dropbox/Coding/titanium/mini/tableview_twitter/Resources/tweets.coffee => /Users/jakob/Dropbox/Coding/titanium/mini/tableview_twitter/build/android/bin/assets/Resources/tweets.coffee
[TRACE] COPYING CREATED FILE: /Users/jakob/Dropbox/Coding/titanium/mini/tableview_twitter/Resources/tweets.js => /Users/jakob/Dropbox/Coding/titanium/mini/tableview_twitter/build/android/bin/assets/Resources/tweets.js
[TRACE] Generating Java Classes
[DEBUG] Processing Android resource drawables
[TRACE] COPYING FILE: /Users/jakob/Dropbox/Coding/titanium/mini/tableview_twitter/Resources/android/images/res-long-land-hdpi/default.png => /Users/jakob/Dropbox/Coding/titanium/mini/tableview_twitter/build/android/res/drawable-long-land-hdpi/default_d44e27d97b.png
[TRACE] COPYING FILE: /Users/jakob/Dropbox/Coding/titanium/mini/tableview_twitter/Resources/android/images/res-long-land-ldpi/default.png => /Users/jakob/Dropbox/Coding/titanium/mini/tableview_twitter/build/android/res/drawable-long-land-ldpi/default_d44e27d97b.png
[TRACE] COPYING FILE: /Users/jakob/Dropbox/Coding/titanium/mini/tableview_twitter/Resources/android/images/res-long-port-hdpi/default.png => /Users/jakob/Dropbox/Coding/titanium/mini/tableview_twitter/build/android/res/drawable-long-port-hdpi/default_d44e27d97b.png
[TRACE] COPYING FILE: /Users/jakob/Dropbox/Coding/titanium/mini/tableview_twitter/Resources/android/images/res-long-port-ldpi/default.png => /Users/jakob/Dropbox/Coding/titanium/mini/tableview_twitter/build/android/res/drawable-long-port-ldpi/default_d44e27d97b.png
[TRACE] COPYING FILE: /Users/jakob/Dropbox/Coding/titanium/mini/tableview_twitter/Resources/android/images/res-notlong-land-hdpi/default.png => /Users/jakob/Dropbox/Coding/titanium/mini/tableview_twitter/build/android/res/drawable-notlong-land-hdpi/default_d44e27d97b.png
[TRACE] COPYING FILE: /Users/jakob/Dropbox/Coding/titanium/mini/tableview_twitter/Resources/android/images/res-notlong-land-ldpi/default.png => /Users/jakob/Dropbox/Coding/titanium/mini/tableview_twitter/build/android/res/drawable-notlong-land-ldpi/default_d44e27d97b.png
[TRACE] COPYING FILE: /Users/jakob/Dropbox/Coding/titanium/mini/tableview_twitter/Resources/android/images/res-notlong-land-mdpi/default.png => /Users/jakob/Dropbox/Coding/titanium/mini/tableview_twitter/build/android/res/drawable-notlong-land-mdpi/default_d44e27d97b.png
[TRACE] COPYING FILE: /Users/jakob/Dropbox/Coding/titanium/mini/tableview_twitter/Resources/android/images/res-notlong-port-hdpi/default.png => /Users/jakob/Dropbox/Coding/titanium/mini/tableview_twitter/build/android/res/drawable-notlong-port-hdpi/default_d44e27d97b.png
[TRACE] COPYING FILE: /Users/jakob/Dropbox/Coding/titanium/mini/tableview_twitter/Resources/android/images/res-notlong-port-ldpi/default.png => /Users/jakob/Dropbox/Coding/titanium/mini/tableview_twitter/build/android/res/drawable-notlong-port-ldpi/default_d44e27d97b.png
[TRACE] COPYING FILE: /Users/jakob/Dropbox/Coding/titanium/mini/tableview_twitter/Resources/android/images/res-notlong-port-mdpi/default.png => /Users/jakob/Dropbox/Coding/titanium/mini/tableview_twitter/build/android/res/drawable-notlong-port-mdpi/default_d44e27d97b.png
[DEBUG] app stylesheet => /Users/jakob/Dropbox/Coding/titanium/mini/tableview_twitter/build/android/gen/com/tableview_twitter/ApplicationStylesheet.java
[DEBUG] copying app icon: /Users/jakob/Dropbox/Coding/titanium/mini/tableview_twitter/build/android/bin/assets/Resources/appicon.png
[DEBUG] generating theme.xml
[DEBUG] found drawable-long-land-hdpi splash screen at /Users/jakob/Dropbox/Coding/titanium/mini/tableview_twitter/Resources/android/images/res-long-land-hdpi/default.png
[DEBUG] copying /Users/jakob/Dropbox/Coding/titanium/mini/tableview_twitter/Resources/android/images/res-long-land-hdpi/default.png splash screen to /Users/jakob/Dropbox/Coding/titanium/mini/tableview_twitter/build/android/res/drawable-long-land-hdpi/background.png
[DEBUG] found drawable-long-land-ldpi splash screen at /Users/jakob/Dropbox/Coding/titanium/mini/tableview_twitter/Resources/android/images/res-long-land-ldpi/default.png
[DEBUG] copying /Users/jakob/Dropbox/Coding/titanium/mini/tableview_twitter/Resources/android/images/res-long-land-ldpi/default.png splash screen to /Users/jakob/Dropbox/Coding/titanium/mini/tableview_twitter/build/android/res/drawable-long-land-ldpi/background.png
[DEBUG] found drawable-long-port-hdpi splash screen at /Users/jakob/Dropbox/Coding/titanium/mini/tableview_twitter/Resources/android/images/res-long-port-hdpi/default.png
[DEBUG] copying /Users/jakob/Dropbox/Coding/titanium/mini/tableview_twitter/Resources/android/images/res-long-port-hdpi/default.png splash screen to /Users/jakob/Dropbox/Coding/titanium/mini/tableview_twitter/build/android/res/drawable-long-port-hdpi/background.png
[DEBUG] found drawable-long-port-ldpi splash screen at /Users/jakob/Dropbox/Coding/titanium/mini/tableview_twitter/Resources/android/images/res-long-port-ldpi/default.png
[DEBUG] copying /Users/jakob/Dropbox/Coding/titanium/mini/tableview_twitter/Resources/android/images/res-long-port-ldpi/default.png splash screen to /Users/jakob/Dropbox/Coding/titanium/mini/tableview_twitter/build/android/res/drawable-long-port-ldpi/background.png
[DEBUG] found drawable-notlong-land-hdpi splash screen at /Users/jakob/Dropbox/Coding/titanium/mini/tableview_twitter/Resources/android/images/res-notlong-land-hdpi/default.png
[DEBUG] copying /Users/jakob/Dropbox/Coding/titanium/mini/tableview_twitter/Resources/android/images/res-notlong-land-hdpi/default.png splash screen to /Users/jakob/Dropbox/Coding/titanium/mini/tableview_twitter/build/android/res/drawable-notlong-land-hdpi/background.png
[DEBUG] found drawable-notlong-land-ldpi splash screen at /Users/jakob/Dropbox/Coding/titanium/mini/tableview_twitter/Resources/android/images/res-notlong-land-ldpi/default.png
[DEBUG] copying /Users/jakob/Dropbox/Coding/titanium/mini/tableview_twitter/Resources/android/images/res-notlong-land-ldpi/default.png splash screen to /Users/jakob/Dropbox/Coding/titanium/mini/tableview_twitter/build/android/res/drawable-notlong-land-ldpi/background.png
[DEBUG] found drawable-notlong-land-mdpi splash screen at /Users/jakob/Dropbox/Coding/titanium/mini/tableview_twitter/Resources/android/images/res-notlong-land-mdpi/default.png
[DEBUG] copying /Users/jakob/Dropbox/Coding/titanium/mini/tableview_twitter/Resources/android/images/res-notlong-land-mdpi/default.png splash screen to /Users/jakob/Dropbox/Coding/titanium/mini/tableview_twitter/build/android/res/drawable-notlong-land-mdpi/background.png
[DEBUG] found drawable-notlong-port-hdpi splash screen at /Users/jakob/Dropbox/Coding/titanium/mini/tableview_twitter/Resources/android/images/res-notlong-port-hdpi/default.png
[DEBUG] copying /Users/jakob/Dropbox/Coding/titanium/mini/tableview_twitter/Resources/android/images/res-notlong-port-hdpi/default.png splash screen to /Users/jakob/Dropbox/Coding/titanium/mini/tableview_twitter/build/android/res/drawable-notlong-port-hdpi/background.png
[DEBUG] found drawable-notlong-port-ldpi splash screen at /Users/jakob/Dropbox/Coding/titanium/mini/tableview_twitter/Resources/android/images/res-notlong-port-ldpi/default.png
[DEBUG] copying /Users/jakob/Dropbox/Coding/titanium/mini/tableview_twitter/Resources/android/images/res-notlong-port-ldpi/default.png splash screen to /Users/jakob/Dropbox/Coding/titanium/mini/tableview_twitter/build/android/res/drawable-notlong-port-ldpi/background.png
[DEBUG] found drawable-notlong-port-mdpi splash screen at /Users/jakob/Dropbox/Coding/titanium/mini/tableview_twitter/Resources/android/images/res-notlong-port-mdpi/default.png
[DEBUG] copying /Users/jakob/Dropbox/Coding/titanium/mini/tableview_twitter/Resources/android/images/res-notlong-port-mdpi/default.png splash screen to /Users/jakob/Dropbox/Coding/titanium/mini/tableview_twitter/build/android/res/drawable-notlong-port-mdpi/background.png
[DEBUG] found splash screen at /Users/jakob/Dropbox/Coding/titanium/mini/tableview_twitter/build/android/bin/assets/Resources/default.png
[TRACE] Writing out AndroidManifest.xml
[DEBUG] adding /Users/jakob/Dropbox/Coding/titanium/mini/tableview_twitter/build/android/gen/com/tableview_twitter/ApplicationStylesheet.java to javac build list
[DEBUG] adding /Users/jakob/Dropbox/Coding/titanium/mini/tableview_twitter/build/android/gen/com/tableview_twitter/R.java to javac build list
[DEBUG] adding /Users/jakob/Dropbox/Coding/titanium/mini/tableview_twitter/build/android/gen/com/tableview_twitter/Tableview_twitterActivity.java to javac build list
[DEBUG] adding /Users/jakob/Dropbox/Coding/titanium/mini/tableview_twitter/build/android/gen/com/tableview_twitter/Tableview_twitterAppInfo.java to javac build list
[DEBUG] adding /Users/jakob/Dropbox/Coding/titanium/mini/tableview_twitter/build/android/gen/com/tableview_twitter/Tableview_twitterApplication.java to javac build list
[DEBUG] Building Java Sources: "/Users/jakob/Dropbox/Coding/titanium/mini/tableview_twitter/build/android/gen/com/tableview_twitter/ApplicationStylesheet.java" "/Users/jakob/Dropbox/Coding/titanium/mini/tableview_twitter/build/android/gen/com/tableview_twitter/R.java" "/Users/jakob/Dropbox/Coding/titanium/mini/tableview_twitter/build/android/gen/com/tableview_twitter/Tableview_twitterActivity.java" "/Users/jakob/Dropbox/Coding/titanium/mini/tableview_twitter/build/android/gen/com/tableview_twitter/Tableview_twitterAppInfo.java" "/Users/jakob/Dropbox/Coding/titanium/mini/tableview_twitter/build/android/gen/com/tableview_twitter/Tableview_twitterApplication.java"
[INFO] Waiting for SDCard to become available..
[INFO] Compiling Android Resources... This could take some time
[DEBUG] Android classes.dex built
[DEBUG] creating unsigned apk: /Users/jakob/Dropbox/Coding/titanium/mini/tableview_twitter/build/android/bin/app-unsigned.apk
[DEBUG] from resource zip => assets/Resources/KS_nav_ui.png
[DEBUG] from resource zip => assets/Resources/KS_nav_views.png
[DEBUG] from resource zip => assets/Resources/app.js
[DEBUG] from resource zip => assets/Resources/appicon.png
[DEBUG] from resource zip => assets/Resources/default.png
[DEBUG] from resource zip => assets/Resources/tweet_details.coffee
[DEBUG] from resource zip => assets/Resources/tweet_details.js
[DEBUG] from resource zip => assets/Resources/tweets.coffee
[DEBUG] from resource zip => assets/Resources/tweets.js
[DEBUG] from resource zip => assets/app.json
[DEBUG] from resource zip => assets/index.json
[DEBUG] from resource zip => assets/tiapp.xml
[DEBUG] from resource zip => res/drawable/appicon.png
[DEBUG] from resource zip => res/drawable/background.png
[DEBUG] from resource zip => res/drawable/close.png
[DEBUG] from resource zip => res/drawable/facebook_login.png
[DEBUG] from resource zip => res/drawable/facebook_login_down.png
[DEBUG] from resource zip => res/drawable/facebook_login_wide.png
[DEBUG] from resource zip => res/drawable/facebook_login_wide_down.png
[DEBUG] from resource zip => res/drawable/facebook_logout.png
[DEBUG] from resource zip => res/drawable/facebook_logout_down.png
[DEBUG] from resource zip => res/layout/titanium_tabgroup.xml
[DEBUG] from resource zip => AndroidManifest.xml
[DEBUG] from resource zip => resources.arsc
[DEBUG] from resource zip => res/drawable-hdpi/close.png
[DEBUG] from resource zip => res/drawable-ldpi/close.png
[DEBUG] from resource zip => res/drawable-long-land-hdpi/background.png
[DEBUG] from resource zip => res/drawable-long-land-hdpi/default_d44e27d97b.png
[DEBUG] from resource zip => res/drawable-long-land-ldpi/background.png
[DEBUG] from resource zip => res/drawable-long-land-ldpi/default_d44e27d97b.png
[DEBUG] from resource zip => res/drawable-long-port-hdpi/background.png
[DEBUG] from resource zip => res/drawable-long-port-hdpi/default_d44e27d97b.png
[DEBUG] from resource zip => res/drawable-long-port-ldpi/background.png
[DEBUG] from resource zip => res/drawable-long-port-ldpi/default_d44e27d97b.png
[DEBUG] from resource zip => res/drawable-notlong-land-hdpi/background.png
[DEBUG] from resource zip => res/drawable-notlong-land-hdpi/default_d44e27d97b.png
[DEBUG] from resource zip => res/drawable-notlong-land-ldpi/background.png
[DEBUG] from resource zip => res/drawable-notlong-land-ldpi/default_d44e27d97b.png
[DEBUG] from resource zip => res/drawable-notlong-land-mdpi/background.png
[DEBUG] from resource zip => res/drawable-notlong-land-mdpi/default_d44e27d97b.png
[DEBUG] from resource zip => res/drawable-notlong-port-hdpi/background.png
[DEBUG] from resource zip => res/drawable-notlong-port-hdpi/default_d44e27d97b.png
[DEBUG] from resource zip => res/drawable-notlong-port-ldpi/background.png
[DEBUG] from resource zip => res/drawable-notlong-port-ldpi/default_d44e27d97b.png
[DEBUG] from resource zip => res/drawable-notlong-port-mdpi/background.png
[DEBUG] from resource zip => res/drawable-notlong-port-mdpi/default_d44e27d97b.png
[DEBUG] from JAR /Users/jakob/Library/Application Support/Titanium/mobilesdk/osx/2.1.0.GA/android/titanium.jar => org/appcelerator/titanium/build.properties
[DEBUG] from JAR /Users/jakob/Library/Application Support/Titanium/mobilesdk/osx/2.1.0.GA/android/titanium.jar => org/appcelerator/titanium/res/drawable/background.png
[DEBUG] from JAR /Users/jakob/Library/Application Support/Titanium/mobilesdk/osx/2.1.0.GA/android/titanium.jar => org/appcelerator/titanium/res/drawable/btn_check_buttonless_on.png
[DEBUG] from JAR /Users/jakob/Library/Application Support/Titanium/mobilesdk/osx/2.1.0.GA/android/titanium.jar => org/appcelerator/titanium/res/drawable/btn_check_buttonless_on_18.png
[DEBUG] from JAR /Users/jakob/Library/Application Support/Titanium/mobilesdk/osx/2.1.0.GA/android/titanium.jar => org/appcelerator/titanium/res/drawable/btn_check_buttonless_on_48.png
[DEBUG] from JAR /Users/jakob/Library/Application Support/Titanium/mobilesdk/osx/2.1.0.GA/android/titanium.jar => org/appcelerator/titanium/res/drawable/btn_more.png
[DEBUG] from JAR /Users/jakob/Library/Application Support/Titanium/mobilesdk/osx/2.1.0.GA/android/titanium.jar => org/appcelerator/titanium/res/drawable/btn_more_18.png
[DEBUG] from JAR /Users/jakob/Library/Application Support/Titanium/mobilesdk/osx/2.1.0.GA/android/titanium.jar => org/appcelerator/titanium/res/drawable/btn_more_48.png
[DEBUG] from JAR /Users/jakob/Library/Application Support/Titanium/mobilesdk/osx/2.1.0.GA/android/titanium.jar => org/appcelerator/titanium/res/drawable/btn_picker_normal.9.png
[DEBUG] from JAR /Users/jakob/Library/Application Support/Titanium/mobilesdk/osx/2.1.0.GA/android/titanium.jar => org/appcelerator/titanium/res/drawable/btn_picker_pressed.9.png
[DEBUG] from JAR /Users/jakob/Library/Application Support/Titanium/mobilesdk/osx/2.1.0.GA/android/titanium.jar => org/appcelerator/titanium/res/drawable/btn_picker_selected.9.png
[DEBUG] from JAR /Users/jakob/Library/Application Support/Titanium/mobilesdk/osx/2.1.0.GA/android/titanium.jar => org/appcelerator/titanium/res/drawable/default_icon.png
[DEBUG] from JAR /Users/jakob/Library/Application Support/Titanium/mobilesdk/osx/2.1.0.GA/android/titanium.jar => org/appcelerator/titanium/res/drawable/photoDefault.png
[DEBUG] from JAR /Users/jakob/Library/Application Support/Titanium/mobilesdk/osx/2.1.0.GA/android/modules/titanium-ui.jar => ti/modules/titanium/ui/widget/webview/binding.js
[DEBUG] from JAR /Users/jakob/Library/Application Support/Titanium/mobilesdk/osx/2.1.0.GA/android/modules/titanium-ui.jar => ti/modules/titanium/ui/widget/webview/binding.min.js
[DEBUG] from JAR /Users/jakob/Library/Application Support/Titanium/mobilesdk/osx/2.1.0.GA/android/modules/titanium-ui.jar => ti/modules/titanium/ui/widget/webview/json2.js
[DEBUG] from JAR /Users/jakob/Library/Application Support/Titanium/mobilesdk/osx/2.1.0.GA/android/thirdparty.jar => org/apache/Commons-NOTICE.txt
[DEBUG] from JAR /Users/jakob/Library/Application Support/Titanium/mobilesdk/osx/2.1.0.GA/android/thirdparty.jar => org/apache/HttpComponents-NOTICE.txt
[DEBUG] from JAR /Users/jakob/Library/Application Support/Titanium/mobilesdk/osx/2.1.0.GA/android/thirdparty.jar => org/apache/mime4j-NOTICE.txt
[DEBUG] from JAR /Users/jakob/Library/Application Support/Titanium/mobilesdk/osx/2.1.0.GA/android/modules/titanium-facebook.jar => ti/modules/titanium/facebook/LICENSE
[DEBUG] installing native SDK libs
[DEBUG] Waiting for device to be ready ...
[TRACE] adb devices returned 1 devices/emulators
[DEBUG] Device connected... (waited 0 seconds)
[DEBUG] waited 0.046235 seconds on emulator to get ready
[INFO] Installing application on emulator
[INFO] Launching application ... tableview_twitter
[TRACE] Launch output: Starting: Intent { act=android.intent.action.MAIN cat=[android.intent.category.LAUNCHER] cmp=com.tableview_twitter/.Tableview_twitterActivity }

[INFO] Deployed tableview_twitter ... Application should be running.
[DEBUG] signal caught: 15
[DEBUG] calling emulator kill on 2559
